<?xml version="1.0" encoding="UTF-8"?>
<testsuite xmlns:xsi="http://www.w3.org/2001/XMLSchema-instance" xsi:noNamespaceSchemaLocation="https://maven.apache.org/surefire/maven-surefire-plugin/xsd/surefire-test-report.xsd" name="com.addon.Hbnate1ApplicationTests" time="0.66" tests="1" errors="1" skipped="0" failures="0">
  <properties>
[...]
</properties>
  <testcase name="com.addon.Hbnate1ApplicationTests" classname="com.addon.Hbnate1ApplicationTests" time="0.658">
    <error message="Unable to find a @SpringBootConfiguration, you need to use @ContextConfiguration or @SpringBootTest(classes=...) with your test" type="java.lang.IllegalStateException">java.lang.IllegalStateException: Unable to find a @SpringBootConfiguration, you need to use @ContextConfiguration or @SpringBootTest(classes=...) with your test
</error>
    <system-out><![CDATA[12:50:44.517 [main] DEBUG org.springframework.test.context.BootstrapUtils - Instantiating CacheAwareContextLoaderDelegate from class [org.springframework.test.context.cache.DefaultCacheAwareContextLoaderDelegate]
12:50:44.533 [main] DEBUG org.springframework.test.context.BootstrapUtils - Instantiating BootstrapContext using constructor [public org.springframework.test.context.support.DefaultBootstrapContext(java.lang.Class,org.springframework.test.context.CacheAwareContextLoaderDelegate)]
12:50:44.599 [main] DEBUG org.springframework.test.context.BootstrapUtils - Instantiating TestContextBootstrapper for test class [com.addon.Hbnate1ApplicationTests] from class [org.springframework.boot.test.context.SpringBootTestContextBootstrapper]
12:50:44.617 [main] INFO org.springframework.boot.test.context.SpringBootTestContextBootstrapper - Neither @ContextConfiguration nor @ContextHierarchy found for test class [com.addon.Hbnate1ApplicationTests], using SpringBootContextLoader
12:50:44.634 [main] DEBUG org.springframework.test.context.support.AbstractContextLoader - Did not detect default resource location for test class [com.addon.Hbnate1ApplicationTests]: class path resource [com/addon/Hbnate1ApplicationTests-context.xml] does not exist
12:50:44.639 [main] DEBUG org.springframework.test.context.support.AbstractContextLoader - Did not detect default resource location for test class [com.addon.Hbnate1ApplicationTests]: class path resource [com/addon/Hbnate1ApplicationTestsContext.groovy] does not exist
12:50:44.640 [main] INFO org.springframework.test.context.support.AbstractContextLoader - Could not detect default resource locations for test class [com.addon.Hbnate1ApplicationTests]: no resource found for suffixes {-context.xml, Context.groovy}.
12:50:44.645 [main] INFO org.springframework.test.context.support.AnnotationConfigContextLoaderUtils - Could not detect default configuration classes for test class [com.addon.Hbnate1ApplicationTests]: Hbnate1ApplicationTests does not declare any static, non-private, non-final, nested classes annotated with @Configuration.
12:50:44.803 [main] DEBUG org.springframework.test.context.support.ActiveProfilesUtils - Could not find an 'annotation declaring class' for annotation type [org.springframework.test.context.ActiveProfiles] and class [com.addon.Hbnate1ApplicationTests]
]]></system-out>
  </testcase>
</testsuite>